<?xml version="1.0" encoding="utf-8"?>
<CoverageSession xmlns:xsd="http://www.w3.org/2001/XMLSchema" xmlns:xsi="http://www.w3.org/2001/XMLSchema-instance" Version="4.7.922.0">
  <Summary numSequencePoints="245" visitedSequencePoints="245" numBranchPoints="38" visitedBranchPoints="38" sequenceCoverage="100" branchCoverage="100" maxCyclomaticComplexity="1" minCyclomaticComplexity="1" maxCrapScore="2" minCrapScore="1" visitedClasses="5" numClasses="5" visitedMethods="38" numMethods="38" />
  <Modules>
    <Module hash="A4-F3-B5-DC-60-F0-03-FB-37-B1-0D-32-41-A4-5D-3E-DC-9B-79-71">
      <Summary numSequencePoints="168" visitedSequencePoints="168" numBranchPoints="18" visitedBranchPoints="18" sequenceCoverage="100" branchCoverage="100" maxCyclomaticComplexity="1" minCyclomaticComplexity="1" maxCrapScore="2" minCrapScore="1" visitedClasses="1" numClasses="1" visitedMethods="18" numMethods="18" />
      <ModulePath>C:\Users\artemmezencev\source\repos\laborig\UnitTestLab10\bin\Debug\fine-code-coverage\build-output\UnitTestLab10.dll</ModulePath>
      <ModuleTime>2023-03-06T17:18:28.5826881Z</ModuleTime>
      <ModuleName>UnitTestLab10</ModuleName>
      <Files>
        <File uid="1" fullPath="C:\Users\artemmezencev\source\repos\laborig\UnitTestLab10\UnitTest1.cs" />
      </Files>
      <Classes>
        <Class>
          <Summary numSequencePoints="168" visitedSequencePoints="168" numBranchPoints="18" visitedBranchPoints="18" sequenceCoverage="100" branchCoverage="100" maxCyclomaticComplexity="1" minCyclomaticComplexity="1" maxCrapScore="2" minCrapScore="1" visitedClasses="1" numClasses="1" visitedMethods="18" numMethods="18" />
          <FullName>Laba10Tests.UnitTest1</FullName>
          <Methods>
            <Method visited="true" cyclomaticComplexity="1" nPathComplexity="0" sequenceCoverage="100" branchCoverage="100" crapScore="1" isConstructor="false" isStatic="false" isGetter="false" isSetter="false">
              <Summary numSequencePoints="9" visitedSequencePoints="9" numBranchPoints="1" visitedBranchPoints="1" sequenceCoverage="100" branchCoverage="100" maxCyclomaticComplexity="1" minCyclomaticComplexity="1" maxCrapScore="1" minCrapScore="1" visitedClasses="0" numClasses="0" visitedMethods="1" numMethods="1" />
              <MetadataToken>100663297</MetadataToken>
              <Name>System.Void Laba10Tests.UnitTest1::TestMethod1()</Name>
              <FileRef uid="1" />
              <SequencePoints>
                <SequencePoint vc="1" uspid="1" ordinal="0" offset="0" sl="15" sc="9" el="15" ec="10" bec="0" bev="0" fileid="1" />
                <SequencePoint vc="1" uspid="2" ordinal="1" offset="1" sl="16" sc="13" el="16" ec="29" bec="0" bev="0" fileid="1" />
                <SequencePoint vc="1" uspid="3" ordinal="2" offset="3" sl="17" sc="13" el="17" ec="28" bec="0" bev="0" fileid="1" />
                <SequencePoint vc="1" uspid="4" ordinal="3" offset="5" sl="19" sc="13" el="19" ec="29" bec="0" bev="0" fileid="1" />
                <SequencePoint vc="1" uspid="5" ordinal="4" offset="7" sl="20" sc="13" el="20" ec="28" bec="0" bev="0" fileid="1" />
                <SequencePoint vc="1" uspid="6" ordinal="5" offset="9" sl="23" sc="13" el="23" ec="65" bec="0" bev="0" fileid="1" />
                <SequencePoint vc="1" uspid="7" ordinal="6" offset="18" sl="24" sc="13" el="24" ec="63" bec="0" bev="0" fileid="1" />
                <SequencePoint vc="1" uspid="8" ordinal="7" offset="27" sl="26" sc="13" el="26" ec="47" bec="0" bev="0" fileid="1" />
                <SequencePoint vc="1" uspid="9" ordinal="8" offset="37" sl="27" sc="9" el="27" ec="10" bec="0" bev="0" fileid="1" />
              </SequencePoints>
              <BranchPoints />
              <MethodPoint xsi:type="SequencePoint" vc="1" uspid="1" ordinal="0" offset="0" sl="15" sc="9" el="15" ec="10" bec="0" bev="0" fileid="1" />
            </Method>
            <Method visited="true" cyclomaticComplexity="1" nPathComplexity="0" sequenceCoverage="100" branchCoverage="100" crapScore="1" isConstructor="false" isStatic="false" isGetter="false" isSetter="false">
              <Summary numSequencePoints="5" visitedSequencePoints="5" numBranchPoints="1" visitedBranchPoints="1" sequenceCoverage="100" branchCoverage="100" maxCyclomaticComplexity="1" minCyclomaticComplexity="1" maxCrapScore="1" minCrapScore="1" visitedClasses="0" numClasses="0" visitedMethods="1" numMethods="1" />
              <MetadataToken>100663298</MetadataToken>
              <Name>System.Void Laba10Tests.UnitTest1::TestMethod2()</Name>
              <FileRef uid="1" />
              <SequencePoints>
                <SequencePoint vc="1" uspid="10" ordinal="0" offset="0" sl="32" sc="9" el="32" ec="10" bec="0" bev="0" fileid="1" />
                <SequencePoint vc="1" uspid="11" ordinal="1" offset="1" sl="33" sc="13" el="33" ec="50" bec="0" bev="0" fileid="1" />
                <SequencePoint vc="1" uspid="12" ordinal="2" offset="7" sl="35" sc="13" el="35" ec="48" bec="0" bev="0" fileid="1" />
                <SequencePoint vc="1" uspid="13" ordinal="3" offset="13" sl="37" sc="13" el="37" ec="47" bec="0" bev="0" fileid="1" />
                <SequencePoint vc="1" uspid="14" ordinal="4" offset="21" sl="38" sc="9" el="38" ec="10" bec="0" bev="0" fileid="1" />
              </SequencePoints>
              <BranchPoints />
              <MethodPoint xsi:type="SequencePoint" vc="1" uspid="10" ordinal="0" offset="0" sl="32" sc="9" el="32" ec="10" bec="0" bev="0" fileid="1" />
            </Method>
            <Method visited="true" cyclomaticComplexity="1" nPathComplexity="0" sequenceCoverage="100" branchCoverage="100" crapScore="1" isConstructor="false" isStatic="false" isGetter="false" isSetter="false">
              <Summary numSequencePoints="7" visitedSequencePoints="7" numBranchPoints="1" visitedBranchPoints="1" sequenceCoverage="100" branchCoverage="100" maxCyclomaticComplexity="1" minCyclomaticComplexity="1" maxCrapScore="1" minCrapScore="1" visitedClasses="0" numClasses="0" visitedMethods="1" numMethods="1" />
              <MetadataToken>100663299</MetadataToken>
              <Name>System.Void Laba10Tests.UnitTest1::TestMethod3()</Name>
              <FileRef uid="1" />
              <SequencePoints>
                <SequencePoint vc="1" uspid="15" ordinal="0" offset="0" sl="43" sc="9" el="43" ec="10" bec="0" bev="0" fileid="1" />
                <SequencePoint vc="1" uspid="16" ordinal="1" offset="1" sl="44" sc="13" el="44" ec="50" bec="0" bev="0" fileid="1" />
                <SequencePoint vc="1" uspid="17" ordinal="2" offset="7" sl="46" sc="13" el="46" ec="35" bec="0" bev="0" fileid="1" />
                <SequencePoint vc="1" uspid="18" ordinal="3" offset="14" sl="48" sc="13" el="48" ec="48" bec="0" bev="0" fileid="1" />
                <SequencePoint vc="1" uspid="19" ordinal="4" offset="20" sl="50" sc="13" el="50" ec="33" bec="0" bev="0" fileid="1" />
                <SequencePoint vc="1" uspid="20" ordinal="5" offset="27" sl="52" sc="13" el="52" ec="50" bec="0" bev="0" fileid="1" />
                <SequencePoint vc="1" uspid="21" ordinal="6" offset="35" sl="53" sc="9" el="53" ec="10" bec="0" bev="0" fileid="1" />
              </SequencePoints>
              <BranchPoints />
              <MethodPoint xsi:type="SequencePoint" vc="1" uspid="15" ordinal="0" offset="0" sl="43" sc="9" el="43" ec="10" bec="0" bev="0" fileid="1" />
            </Method>
            <Method visited="true" cyclomaticComplexity="1" nPathComplexity="0" sequenceCoverage="100" branchCoverage="100" crapScore="1" isConstructor="false" isStatic="false" isGetter="false" isSetter="false">
              <Summary numSequencePoints="11" visitedSequencePoints="11" numBranchPoints="1" visitedBranchPoints="1" sequenceCoverage="100" branchCoverage="100" maxCyclomaticComplexity="1" minCyclomaticComplexity="1" maxCrapScore="1" minCrapScore="1" visitedClasses="0" numClasses="0" visitedMethods="1" numMethods="1" />
              <MetadataToken>100663300</MetadataToken>
              <Name>System.Void Laba10Tests.UnitTest1::TestMethod4()</Name>
              <FileRef uid="1" />
              <SequencePoints>
                <SequencePoint vc="1" uspid="22" ordinal="0" offset="0" sl="58" sc="9" el="58" ec="10" bec="0" bev="0" fileid="1" />
                <SequencePoint vc="1" uspid="23" ordinal="1" offset="1" sl="59" sc="13" el="59" ec="23" bec="0" bev="0" fileid="1" />
                <SequencePoint vc="1" uspid="24" ordinal="2" offset="3" sl="60" sc="13" el="60" ec="23" bec="0" bev="0" fileid="1" />
                <SequencePoint vc="1" uspid="25" ordinal="3" offset="5" sl="62" sc="13" el="62" ec="23" bec="0" bev="0" fileid="1" />
                <SequencePoint vc="1" uspid="26" ordinal="4" offset="7" sl="64" sc="13" el="64" ec="23" bec="0" bev="0" fileid="1" />
                <SequencePoint vc="1" uspid="27" ordinal="5" offset="9" sl="66" sc="13" el="66" ec="54" bec="0" bev="0" fileid="1" />
                <SequencePoint vc="1" uspid="28" ordinal="6" offset="18" sl="68" sc="13" el="68" ec="33" bec="0" bev="0" fileid="1" />
                <SequencePoint vc="1" uspid="29" ordinal="7" offset="26" sl="70" sc="13" el="70" ec="52" bec="0" bev="0" fileid="1" />
                <SequencePoint vc="1" uspid="30" ordinal="8" offset="35" sl="72" sc="13" el="72" ec="31" bec="0" bev="0" fileid="1" />
                <SequencePoint vc="1" uspid="31" ordinal="9" offset="43" sl="74" sc="13" el="74" ec="47" bec="0" bev="0" fileid="1" />
                <SequencePoint vc="1" uspid="32" ordinal="10" offset="53" sl="75" sc="9" el="75" ec="10" bec="0" bev="0" fileid="1" />
              </SequencePoints>
              <BranchPoints />
              <MethodPoint xsi:type="SequencePoint" vc="1" uspid="22" ordinal="0" offset="0" sl="58" sc="9" el="58" ec="10" bec="0" bev="0" fileid="1" />
            </Method>
            <Method visited="true" cyclomaticComplexity="1" nPathComplexity="0" sequenceCoverage="100" branchCoverage="100" crapScore="1" isConstructor="false" isStatic="false" isGetter="false" isSetter="false">
              <Summary numSequencePoints="9" visitedSequencePoints="9" numBranchPoints="1" visitedBranchPoints="1" sequenceCoverage="100" branchCoverage="100" maxCyclomaticComplexity="1" minCyclomaticComplexity="1" maxCrapScore="1" minCrapScore="1" visitedClasses="0" numClasses="0" visitedMethods="1" numMethods="1" />
              <MetadataToken>100663301</MetadataToken>
              <Name>System.Void Laba10Tests.UnitTest1::TestMethod5()</Name>
              <FileRef uid="1" />
              <SequencePoints>
                <SequencePoint vc="1" uspid="33" ordinal="0" offset="0" sl="80" sc="9" el="80" ec="10" bec="0" bev="0" fileid="1" />
                <SequencePoint vc="1" uspid="34" ordinal="1" offset="1" sl="81" sc="13" el="81" ec="50" bec="0" bev="0" fileid="1" />
                <SequencePoint vc="1" uspid="35" ordinal="2" offset="7" sl="82" sc="13" el="82" ec="35" bec="0" bev="0" fileid="1" />
                <SequencePoint vc="1" uspid="36" ordinal="3" offset="14" sl="84" sc="13" el="84" ec="48" bec="0" bev="0" fileid="1" />
                <SequencePoint vc="1" uspid="37" ordinal="4" offset="20" sl="85" sc="13" el="85" ec="33" bec="0" bev="0" fileid="1" />
                <SequencePoint vc="1" uspid="38" ordinal="5" offset="27" sl="86" sc="13" el="86" ec="33" bec="0" bev="0" fileid="1" />
                <SequencePoint vc="1" uspid="39" ordinal="6" offset="36" sl="87" sc="13" el="87" ec="56" bec="0" bev="0" fileid="1" />
                <SequencePoint vc="1" uspid="40" ordinal="7" offset="48" sl="89" sc="13" el="89" ec="47" bec="0" bev="0" fileid="1" />
                <SequencePoint vc="1" uspid="41" ordinal="8" offset="56" sl="90" sc="9" el="90" ec="10" bec="0" bev="0" fileid="1" />
              </SequencePoints>
              <BranchPoints />
              <MethodPoint xsi:type="SequencePoint" vc="1" uspid="33" ordinal="0" offset="0" sl="80" sc="9" el="80" ec="10" bec="0" bev="0" fileid="1" />
            </Method>
            <Method visited="true" cyclomaticComplexity="1" nPathComplexity="0" sequenceCoverage="100" branchCoverage="100" crapScore="1" isConstructor="false" isStatic="false" isGetter="false" isSetter="false">
              <Summary numSequencePoints="13" visitedSequencePoints="13" numBranchPoints="1" visitedBranchPoints="1" sequenceCoverage="100" branchCoverage="100" maxCyclomaticComplexity="1" minCyclomaticComplexity="1" maxCrapScore="1" minCrapScore="1" visitedClasses="0" numClasses="0" visitedMethods="1" numMethods="1" />
              <MetadataToken>100663302</MetadataToken>
              <Name>System.Void Laba10Tests.UnitTest1::TestMethod6()</Name>
              <FileRef uid="1" />
              <SequencePoints>
                <SequencePoint vc="1" uspid="42" ordinal="0" offset="0" sl="95" sc="9" el="95" ec="10" bec="0" bev="0" fileid="1" />
                <SequencePoint vc="1" uspid="43" ordinal="1" offset="1" sl="96" sc="13" el="96" ec="29" bec="0" bev="0" fileid="1" />
                <SequencePoint vc="1" uspid="44" ordinal="2" offset="3" sl="97" sc="13" el="97" ec="28" bec="0" bev="0" fileid="1" />
                <SequencePoint vc="1" uspid="45" ordinal="3" offset="5" sl="98" sc="13" el="98" ec="32" bec="0" bev="0" fileid="1" />
                <SequencePoint vc="1" uspid="46" ordinal="4" offset="15" sl="99" sc="13" el="99" ec="35" bec="0" bev="0" fileid="1" />
                <SequencePoint vc="1" uspid="47" ordinal="5" offset="21" sl="103" sc="13" el="103" ec="29" bec="0" bev="0" fileid="1" />
                <SequencePoint vc="1" uspid="48" ordinal="6" offset="24" sl="104" sc="13" el="104" ec="28" bec="0" bev="0" fileid="1" />
                <SequencePoint vc="1" uspid="49" ordinal="7" offset="27" sl="105" sc="13" el="105" ec="32" bec="0" bev="0" fileid="1" />
                <SequencePoint vc="1" uspid="50" ordinal="8" offset="38" sl="106" sc="13" el="106" ec="35" bec="0" bev="0" fileid="1" />
                <SequencePoint vc="1" uspid="51" ordinal="9" offset="45" sl="109" sc="13" el="109" ec="74" bec="0" bev="0" fileid="1" />
                <SequencePoint vc="1" uspid="52" ordinal="10" offset="56" sl="111" sc="13" el="111" ec="72" bec="0" bev="0" fileid="1" />
                <SequencePoint vc="1" uspid="53" ordinal="11" offset="71" sl="113" sc="13" el="113" ec="47" bec="0" bev="0" fileid="1" />
                <SequencePoint vc="1" uspid="54" ordinal="12" offset="81" sl="114" sc="9" el="114" ec="10" bec="0" bev="0" fileid="1" />
              </SequencePoints>
              <BranchPoints />
              <MethodPoint xsi:type="SequencePoint" vc="1" uspid="42" ordinal="0" offset="0" sl="95" sc="9" el="95" ec="10" bec="0" bev="0" fileid="1" />
            </Method>
            <Method visited="true" cyclomaticComplexity="1" nPathComplexity="0" sequenceCoverage="100" branchCoverage="100" crapScore="1" isConstructor="false" isStatic="false" isGetter="false" isSetter="false">
              <Summary numSequencePoints="5" visitedSequencePoints="5" numBranchPoints="1" visitedBranchPoints="1" sequenceCoverage="100" branchCoverage="100" maxCyclomaticComplexity="1" minCyclomaticComplexity="1" maxCrapScore="1" minCrapScore="1" visitedClasses="0" numClasses="0" visitedMethods="1" numMethods="1" />
              <MetadataToken>100663303</MetadataToken>
              <Name>System.Void Laba10Tests.UnitTest1::TestMethod7()</Name>
              <FileRef uid="1" />
              <SequencePoints>
                <SequencePoint vc="1" uspid="55" ordinal="0" offset="0" sl="119" sc="9" el="119" ec="10" bec="0" bev="0" fileid="1" />
                <SequencePoint vc="1" uspid="56" ordinal="1" offset="1" sl="120" sc="13" el="120" ec="40" bec="0" bev="0" fileid="1" />
                <SequencePoint vc="1" uspid="57" ordinal="2" offset="7" sl="122" sc="13" el="122" ec="38" bec="0" bev="0" fileid="1" />
                <SequencePoint vc="1" uspid="58" ordinal="3" offset="13" sl="124" sc="13" el="124" ec="47" bec="0" bev="0" fileid="1" />
                <SequencePoint vc="1" uspid="59" ordinal="4" offset="21" sl="125" sc="9" el="125" ec="10" bec="0" bev="0" fileid="1" />
              </SequencePoints>
              <BranchPoints />
              <MethodPoint xsi:type="SequencePoint" vc="1" uspid="55" ordinal="0" offset="0" sl="119" sc="9" el="119" ec="10" bec="0" bev="0" fileid="1" />
            </Method>
            <Method visited="true" cyclomaticComplexity="1" nPathComplexity="0" sequenceCoverage="100" branchCoverage="100" crapScore="1" isConstructor="false" isStatic="false" isGetter="false" isSetter="false">
              <Summary numSequencePoints="11" visitedSequencePoints="11" numBranchPoints="1" visitedBranchPoints="1" sequenceCoverage="100" branchCoverage="100" maxCyclomaticComplexity="1" minCyclomaticComplexity="1" maxCrapScore="1" minCrapScore="1" visitedClasses="0" numClasses="0" visitedMethods="1" numMethods="1" />
              <MetadataToken>100663304</MetadataToken>
              <Name>System.Void Laba10Tests.UnitTest1::TestMethod8()</Name>
              <FileRef uid="1" />
              <SequencePoints>
                <SequencePoint vc="1" uspid="60" ordinal="0" offset="0" sl="130" sc="9" el="130" ec="10" bec="0" bev="0" fileid="1" />
                <SequencePoint vc="1" uspid="61" ordinal="1" offset="1" sl="131" sc="13" el="131" ec="29" bec="0" bev="0" fileid="1" />
                <SequencePoint vc="1" uspid="62" ordinal="2" offset="3" sl="132" sc="13" el="132" ec="28" bec="0" bev="0" fileid="1" />
                <SequencePoint vc="1" uspid="63" ordinal="3" offset="5" sl="133" sc="13" el="133" ec="35" bec="0" bev="0" fileid="1" />
                <SequencePoint vc="1" uspid="64" ordinal="4" offset="11" sl="136" sc="13" el="136" ec="35" bec="0" bev="0" fileid="1" />
                <SequencePoint vc="1" uspid="65" ordinal="5" offset="17" sl="137" sc="13" el="137" ec="29" bec="0" bev="0" fileid="1" />
                <SequencePoint vc="1" uspid="66" ordinal="6" offset="20" sl="138" sc="13" el="138" ec="28" bec="0" bev="0" fileid="1" />
                <SequencePoint vc="1" uspid="67" ordinal="7" offset="23" sl="141" sc="13" el="141" ec="65" bec="0" bev="0" fileid="1" />
                <SequencePoint vc="1" uspid="68" ordinal="8" offset="33" sl="143" sc="13" el="143" ec="63" bec="0" bev="0" fileid="1" />
                <SequencePoint vc="1" uspid="69" ordinal="9" offset="45" sl="145" sc="13" el="145" ec="47" bec="0" bev="0" fileid="1" />
                <SequencePoint vc="1" uspid="70" ordinal="10" offset="55" sl="146" sc="9" el="146" ec="10" bec="0" bev="0" fileid="1" />
              </SequencePoints>
              <BranchPoints />
              <MethodPoint xsi:type="SequencePoint" vc="1" uspid="60" ordinal="0" offset="0" sl="130" sc="9" el="130" ec="10" bec="0" bev="0" fileid="1" />
            </Method>
            <Method visited="true" cyclomaticComplexity="1" nPathComplexity="0" sequenceCoverage="100" branchCoverage="100" crapScore="1" isConstructor="false" isStatic="false" isGetter="false" isSetter="false">
              <Summary numSequencePoints="5" visitedSequencePoints="5" numBranchPoints="1" visitedBranchPoints="1" sequenceCoverage="100" branchCoverage="100" maxCyclomaticComplexity="1" minCyclomaticComplexity="1" maxCrapScore="1" minCrapScore="1" visitedClasses="0" numClasses="0" visitedMethods="1" numMethods="1" />
              <MetadataToken>100663305</MetadataToken>
              <Name>System.Void Laba10Tests.UnitTest1::TestMethod9()</Name>
              <FileRef uid="1" />
              <SequencePoints>
                <SequencePoint vc="1" uspid="71" ordinal="0" offset="0" sl="151" sc="9" el="151" ec="10" bec="0" bev="0" fileid="1" />
                <SequencePoint vc="1" uspid="72" ordinal="1" offset="1" sl="152" sc="13" el="152" ec="42" bec="0" bev="0" fileid="1" />
                <SequencePoint vc="1" uspid="73" ordinal="2" offset="7" sl="154" sc="13" el="154" ec="40" bec="0" bev="0" fileid="1" />
                <SequencePoint vc="1" uspid="74" ordinal="3" offset="13" sl="156" sc="13" el="156" ec="47" bec="0" bev="0" fileid="1" />
                <SequencePoint vc="1" uspid="75" ordinal="4" offset="21" sl="157" sc="9" el="157" ec="10" bec="0" bev="0" fileid="1" />
              </SequencePoints>
              <BranchPoints />
              <MethodPoint xsi:type="SequencePoint" vc="1" uspid="71" ordinal="0" offset="0" sl="151" sc="9" el="151" ec="10" bec="0" bev="0" fileid="1" />
            </Method>
            <Method visited="true" cyclomaticComplexity="1" nPathComplexity="0" sequenceCoverage="100" branchCoverage="100" crapScore="1" isConstructor="false" isStatic="false" isGetter="false" isSetter="false">
              <Summary numSequencePoints="13" visitedSequencePoints="13" numBranchPoints="1" visitedBranchPoints="1" sequenceCoverage="100" branchCoverage="100" maxCyclomaticComplexity="1" minCyclomaticComplexity="1" maxCrapScore="1" minCrapScore="1" visitedClasses="0" numClasses="0" visitedMethods="1" numMethods="1" />
              <MetadataToken>100663306</MetadataToken>
              <Name>System.Void Laba10Tests.UnitTest1::TestMethod10()</Name>
              <FileRef uid="1" />
              <SequencePoints>
                <SequencePoint vc="1" uspid="76" ordinal="0" offset="0" sl="162" sc="9" el="162" ec="10" bec="0" bev="0" fileid="1" />
                <SequencePoint vc="1" uspid="77" ordinal="1" offset="1" sl="163" sc="13" el="163" ec="29" bec="0" bev="0" fileid="1" />
                <SequencePoint vc="1" uspid="78" ordinal="2" offset="3" sl="164" sc="13" el="164" ec="28" bec="0" bev="0" fileid="1" />
                <SequencePoint vc="1" uspid="79" ordinal="3" offset="5" sl="165" sc="13" el="165" ec="35" bec="0" bev="0" fileid="1" />
                <SequencePoint vc="1" uspid="80" ordinal="4" offset="11" sl="167" sc="13" el="167" ec="35" bec="0" bev="0" fileid="1" />
                <SequencePoint vc="1" uspid="81" ordinal="5" offset="17" sl="168" sc="13" el="168" ec="29" bec="0" bev="0" fileid="1" />
                <SequencePoint vc="1" uspid="82" ordinal="6" offset="20" sl="169" sc="13" el="169" ec="28" bec="0" bev="0" fileid="1" />
                <SequencePoint vc="1" uspid="83" ordinal="7" offset="23" sl="171" sc="13" el="171" ec="65" bec="0" bev="0" fileid="1" />
                <SequencePoint vc="1" uspid="84" ordinal="8" offset="33" sl="172" sc="13" el="172" ec="29" bec="0" bev="0" fileid="1" />
                <SequencePoint vc="1" uspid="85" ordinal="9" offset="41" sl="174" sc="13" el="174" ec="63" bec="0" bev="0" fileid="1" />
                <SequencePoint vc="1" uspid="86" ordinal="10" offset="53" sl="175" sc="13" el="175" ec="27" bec="0" bev="0" fileid="1" />
                <SequencePoint vc="1" uspid="87" ordinal="11" offset="61" sl="177" sc="13" el="177" ec="47" bec="0" bev="0" fileid="1" />
                <SequencePoint vc="1" uspid="88" ordinal="12" offset="71" sl="178" sc="9" el="178" ec="10" bec="0" bev="0" fileid="1" />
              </SequencePoints>
              <BranchPoints />
              <MethodPoint xsi:type="SequencePoint" vc="1" uspid="76" ordinal="0" offset="0" sl="162" sc="9" el="162" ec="10" bec="0" bev="0" fileid="1" />
            </Method>
            <Method visited="true" cyclomaticComplexity="1" nPathComplexity="0" sequenceCoverage="100" branchCoverage="100" crapScore="1" isConstructor="false" isStatic="false" isGetter="false" isSetter="false">
              <Summary numSequencePoints="11" visitedSequencePoints="11" numBranchPoints="1" visitedBranchPoints="1" sequenceCoverage="100" branchCoverage="100" maxCyclomaticComplexity="1" minCyclomaticComplexity="1" maxCrapScore="1" minCrapScore="1" visitedClasses="0" numClasses="0" visitedMethods="1" numMethods="1" />
              <MetadataToken>100663307</MetadataToken>
              <Name>System.Void Laba10Tests.UnitTest1::TestMethod11()</Name>
              <FileRef uid="1" />
              <SequencePoints>
                <SequencePoint vc="1" uspid="89" ordinal="0" offset="0" sl="183" sc="9" el="183" ec="10" bec="0" bev="0" fileid="1" />
                <SequencePoint vc="1" uspid="90" ordinal="1" offset="1" sl="184" sc="13" el="184" ec="29" bec="0" bev="0" fileid="1" />
                <SequencePoint vc="1" uspid="91" ordinal="2" offset="3" sl="185" sc="13" el="185" ec="28" bec="0" bev="0" fileid="1" />
                <SequencePoint vc="1" uspid="92" ordinal="3" offset="5" sl="187" sc="13" el="187" ec="29" bec="0" bev="0" fileid="1" />
                <SequencePoint vc="1" uspid="93" ordinal="4" offset="7" sl="188" sc="13" el="188" ec="28" bec="0" bev="0" fileid="1" />
                <SequencePoint vc="1" uspid="94" ordinal="5" offset="9" sl="190" sc="13" el="190" ec="65" bec="0" bev="0" fileid="1" />
                <SequencePoint vc="1" uspid="95" ordinal="6" offset="18" sl="191" sc="13" el="191" ec="29" bec="0" bev="0" fileid="1" />
                <SequencePoint vc="1" uspid="96" ordinal="7" offset="26" sl="193" sc="13" el="193" ec="63" bec="0" bev="0" fileid="1" />
                <SequencePoint vc="1" uspid="97" ordinal="8" offset="35" sl="194" sc="13" el="194" ec="27" bec="0" bev="0" fileid="1" />
                <SequencePoint vc="1" uspid="98" ordinal="9" offset="43" sl="195" sc="13" el="195" ec="47" bec="0" bev="0" fileid="1" />
                <SequencePoint vc="1" uspid="99" ordinal="10" offset="53" sl="196" sc="9" el="196" ec="10" bec="0" bev="0" fileid="1" />
              </SequencePoints>
              <BranchPoints />
              <MethodPoint xsi:type="SequencePoint" vc="1" uspid="89" ordinal="0" offset="0" sl="183" sc="9" el="183" ec="10" bec="0" bev="0" fileid="1" />
            </Method>
            <Method visited="true" cyclomaticComplexity="1" nPathComplexity="0" sequenceCoverage="100" branchCoverage="100" crapScore="1" isConstructor="false" isStatic="false" isGetter="false" isSetter="false">
              <Summary numSequencePoints="15" visitedSequencePoints="15" numBranchPoints="1" visitedBranchPoints="1" sequenceCoverage="100" branchCoverage="100" maxCyclomaticComplexity="1" minCyclomaticComplexity="1" maxCrapScore="1" minCrapScore="1" visitedClasses="0" numClasses="0" visitedMethods="1" numMethods="1" />
              <MetadataToken>100663308</MetadataToken>
              <Name>System.Void Laba10Tests.UnitTest1::TestMethod12()</Name>
              <FileRef uid="1" />
              <SequencePoints>
                <SequencePoint vc="1" uspid="100" ordinal="0" offset="0" sl="201" sc="9" el="201" ec="10" bec="0" bev="0" fileid="1" />
                <SequencePoint vc="1" uspid="101" ordinal="1" offset="1" sl="202" sc="13" el="202" ec="29" bec="0" bev="0" fileid="1" />
                <SequencePoint vc="1" uspid="102" ordinal="2" offset="3" sl="203" sc="13" el="203" ec="28" bec="0" bev="0" fileid="1" />
                <SequencePoint vc="1" uspid="103" ordinal="3" offset="5" sl="204" sc="13" el="204" ec="32" bec="0" bev="0" fileid="1" />
                <SequencePoint vc="1" uspid="104" ordinal="4" offset="15" sl="205" sc="13" el="205" ec="35" bec="0" bev="0" fileid="1" />
                <SequencePoint vc="1" uspid="105" ordinal="5" offset="21" sl="209" sc="13" el="209" ec="29" bec="0" bev="0" fileid="1" />
                <SequencePoint vc="1" uspid="106" ordinal="6" offset="24" sl="210" sc="13" el="210" ec="28" bec="0" bev="0" fileid="1" />
                <SequencePoint vc="1" uspid="107" ordinal="7" offset="27" sl="211" sc="13" el="211" ec="32" bec="0" bev="0" fileid="1" />
                <SequencePoint vc="1" uspid="108" ordinal="8" offset="38" sl="212" sc="13" el="212" ec="35" bec="0" bev="0" fileid="1" />
                <SequencePoint vc="1" uspid="109" ordinal="9" offset="45" sl="214" sc="13" el="214" ec="74" bec="0" bev="0" fileid="1" />
                <SequencePoint vc="1" uspid="110" ordinal="10" offset="56" sl="215" sc="13" el="215" ec="29" bec="0" bev="0" fileid="1" />
                <SequencePoint vc="1" uspid="111" ordinal="11" offset="64" sl="217" sc="13" el="217" ec="72" bec="0" bev="0" fileid="1" />
                <SequencePoint vc="1" uspid="112" ordinal="12" offset="79" sl="218" sc="13" el="218" ec="27" bec="0" bev="0" fileid="1" />
                <SequencePoint vc="1" uspid="113" ordinal="13" offset="87" sl="220" sc="13" el="220" ec="47" bec="0" bev="0" fileid="1" />
                <SequencePoint vc="1" uspid="114" ordinal="14" offset="97" sl="221" sc="9" el="221" ec="10" bec="0" bev="0" fileid="1" />
              </SequencePoints>
              <BranchPoints />
              <MethodPoint xsi:type="SequencePoint" vc="1" uspid="100" ordinal="0" offset="0" sl="201" sc="9" el="201" ec="10" bec="0" bev="0" fileid="1" />
            </Method>
            <Method visited="true" cyclomaticComplexity="1" nPathComplexity="0" sequenceCoverage="100" branchCoverage="100" crapScore="1" isConstructor="false" isStatic="false" isGetter="false" isSetter="false">
              <Summary numSequencePoints="15" visitedSequencePoints="15" numBranchPoints="1" visitedBranchPoints="1" sequenceCoverage="100" branchCoverage="100" maxCyclomaticComplexity="1" minCyclomaticComplexity="1" maxCrapScore="1" minCrapScore="1" visitedClasses="0" numClasses="0" visitedMethods="1" numMethods="1" />
              <MetadataToken>100663309</MetadataToken>
              <Name>System.Void Laba10Tests.UnitTest1::TestMethod13()</Name>
              <FileRef uid="1" />
              <SequencePoints>
                <SequencePoint vc="1" uspid="115" ordinal="0" offset="0" sl="226" sc="9" el="226" ec="10" bec="0" bev="0" fileid="1" />
                <SequencePoint vc="1" uspid="116" ordinal="1" offset="1" sl="227" sc="13" el="227" ec="29" bec="0" bev="0" fileid="1" />
                <SequencePoint vc="1" uspid="117" ordinal="2" offset="3" sl="228" sc="13" el="228" ec="28" bec="0" bev="0" fileid="1" />
                <SequencePoint vc="1" uspid="118" ordinal="3" offset="5" sl="229" sc="13" el="229" ec="38" bec="0" bev="0" fileid="1" />
                <SequencePoint vc="1" uspid="119" ordinal="4" offset="11" sl="230" sc="13" el="230" ec="32" bec="0" bev="0" fileid="1" />
                <SequencePoint vc="1" uspid="120" ordinal="5" offset="14" sl="233" sc="13" el="233" ec="32" bec="0" bev="0" fileid="1" />
                <SequencePoint vc="1" uspid="121" ordinal="6" offset="18" sl="234" sc="13" el="234" ec="38" bec="0" bev="0" fileid="1" />
                <SequencePoint vc="1" uspid="122" ordinal="7" offset="25" sl="235" sc="13" el="235" ec="29" bec="0" bev="0" fileid="1" />
                <SequencePoint vc="1" uspid="123" ordinal="8" offset="28" sl="236" sc="13" el="236" ec="28" bec="0" bev="0" fileid="1" />
                <SequencePoint vc="1" uspid="124" ordinal="9" offset="31" sl="239" sc="13" el="239" ec="80" bec="0" bev="0" fileid="1" />
                <SequencePoint vc="1" uspid="125" ordinal="10" offset="42" sl="240" sc="13" el="240" ec="29" bec="0" bev="0" fileid="1" />
                <SequencePoint vc="1" uspid="126" ordinal="11" offset="50" sl="242" sc="13" el="242" ec="78" bec="0" bev="0" fileid="1" />
                <SequencePoint vc="1" uspid="127" ordinal="12" offset="65" sl="243" sc="13" el="243" ec="27" bec="0" bev="0" fileid="1" />
                <SequencePoint vc="1" uspid="128" ordinal="13" offset="73" sl="245" sc="13" el="245" ec="47" bec="0" bev="0" fileid="1" />
                <SequencePoint vc="1" uspid="129" ordinal="14" offset="83" sl="246" sc="9" el="246" ec="10" bec="0" bev="0" fileid="1" />
              </SequencePoints>
              <BranchPoints />
              <MethodPoint xsi:type="SequencePoint" vc="1" uspid="115" ordinal="0" offset="0" sl="226" sc="9" el="226" ec="10" bec="0" bev="0" fileid="1" />
            </Method>
            <Method visited="true" cyclomaticComplexity="1" nPathComplexity="0" sequenceCoverage="100" branchCoverage="100" crapScore="1" isConstructor="false" isStatic="false" isGetter="false" isSetter="false">
              <Summary numSequencePoints="7" visitedSequencePoints="7" numBranchPoints="1" visitedBranchPoints="1" sequenceCoverage="100" branchCoverage="100" maxCyclomaticComplexity="1" minCyclomaticComplexity="1" maxCrapScore="1" minCrapScore="1" visitedClasses="0" numClasses="0" visitedMethods="1" numMethods="1" />
              <MetadataToken>100663310</MetadataToken>
              <Name>System.Void Laba10Tests.UnitTest1::TestMethod14()</Name>
              <FileRef uid="1" />
              <SequencePoints>
                <SequencePoint vc="1" uspid="130" ordinal="0" offset="0" sl="251" sc="9" el="251" ec="10" bec="0" bev="0" fileid="1" />
                <SequencePoint vc="1" uspid="131" ordinal="1" offset="1" sl="252" sc="13" el="252" ec="50" bec="0" bev="0" fileid="1" />
                <SequencePoint vc="1" uspid="132" ordinal="2" offset="7" sl="253" sc="13" el="253" ec="30" bec="0" bev="0" fileid="1" />
                <SequencePoint vc="1" uspid="133" ordinal="3" offset="14" sl="255" sc="13" el="255" ec="48" bec="0" bev="0" fileid="1" />
                <SequencePoint vc="1" uspid="134" ordinal="4" offset="20" sl="256" sc="13" el="256" ec="28" bec="0" bev="0" fileid="1" />
                <SequencePoint vc="1" uspid="135" ordinal="5" offset="27" sl="258" sc="13" el="258" ec="47" bec="0" bev="0" fileid="1" />
                <SequencePoint vc="1" uspid="136" ordinal="6" offset="35" sl="259" sc="9" el="259" ec="10" bec="0" bev="0" fileid="1" />
              </SequencePoints>
              <BranchPoints />
              <MethodPoint xsi:type="SequencePoint" vc="1" uspid="130" ordinal="0" offset="0" sl="251" sc="9" el="251" ec="10" bec="0" bev="0" fileid="1" />
            </Method>
            <Method visited="true" cyclomaticComplexity="1" nPathComplexity="0" sequenceCoverage="100" branchCoverage="100" crapScore="1" isConstructor="false" isStatic="false" isGetter="false" isSetter="false">
              <Summary numSequencePoints="5" visitedSequencePoints="5" numBranchPoints="1" visitedBranchPoints="1" sequenceCoverage="100" branchCoverage="100" maxCyclomaticComplexity="1" minCyclomaticComplexity="1" maxCrapScore="1" minCrapScore="1" visitedClasses="0" numClasses="0" visitedMethods="1" numMethods="1" />
              <MetadataToken>100663311</MetadataToken>
              <Name>System.Void Laba10Tests.UnitTest1::TestMethod15()</Name>
              <FileRef uid="1" />
              <SequencePoints>
                <SequencePoint vc="1" uspid="137" ordinal="0" offset="0" sl="264" sc="9" el="264" ec="10" bec="0" bev="0" fileid="1" />
                <SequencePoint vc="1" uspid="138" ordinal="1" offset="1" sl="265" sc="13" el="265" ec="46" bec="0" bev="0" fileid="1" />
                <SequencePoint vc="1" uspid="139" ordinal="2" offset="7" sl="267" sc="13" el="267" ec="44" bec="0" bev="0" fileid="1" />
                <SequencePoint vc="1" uspid="140" ordinal="3" offset="13" sl="269" sc="13" el="269" ec="47" bec="0" bev="0" fileid="1" />
                <SequencePoint vc="1" uspid="141" ordinal="4" offset="21" sl="270" sc="9" el="270" ec="10" bec="0" bev="0" fileid="1" />
              </SequencePoints>
              <BranchPoints />
              <MethodPoint xsi:type="SequencePoint" vc="1" uspid="137" ordinal="0" offset="0" sl="264" sc="9" el="264" ec="10" bec="0" bev="0" fileid="1" />
            </Method>
            <Method visited="true" cyclomaticComplexity="1" nPathComplexity="0" sequenceCoverage="100" branchCoverage="100" crapScore="1" isConstructor="false" isStatic="false" isGetter="false" isSetter="false">
              <Summary numSequencePoints="13" visitedSequencePoints="13" numBranchPoints="1" visitedBranchPoints="1" sequenceCoverage="100" branchCoverage="100" maxCyclomaticComplexity="1" minCyclomaticComplexity="1" maxCrapScore="1" minCrapScore="1" visitedClasses="0" numClasses="0" visitedMethods="1" numMethods="1" />
              <MetadataToken>100663312</MetadataToken>
              <Name>System.Void Laba10Tests.UnitTest1::TestMethod16()</Name>
              <FileRef uid="1" />
              <SequencePoints>
                <SequencePoint vc="1" uspid="142" ordinal="0" offset="0" sl="275" sc="9" el="275" ec="10" bec="0" bev="0" fileid="1" />
                <SequencePoint vc="1" uspid="143" ordinal="1" offset="1" sl="276" sc="13" el="276" ec="29" bec="0" bev="0" fileid="1" />
                <SequencePoint vc="1" uspid="144" ordinal="2" offset="3" sl="277" sc="13" el="277" ec="28" bec="0" bev="0" fileid="1" />
                <SequencePoint vc="1" uspid="145" ordinal="3" offset="5" sl="278" sc="13" el="278" ec="33" bec="0" bev="0" fileid="1" />
                <SequencePoint vc="1" uspid="146" ordinal="4" offset="8" sl="279" sc="13" el="279" ec="35" bec="0" bev="0" fileid="1" />
                <SequencePoint vc="1" uspid="147" ordinal="5" offset="14" sl="282" sc="13" el="282" ec="33" bec="0" bev="0" fileid="1" />
                <SequencePoint vc="1" uspid="148" ordinal="6" offset="18" sl="283" sc="13" el="283" ec="35" bec="0" bev="0" fileid="1" />
                <SequencePoint vc="1" uspid="149" ordinal="7" offset="25" sl="284" sc="13" el="284" ec="29" bec="0" bev="0" fileid="1" />
                <SequencePoint vc="1" uspid="150" ordinal="8" offset="28" sl="285" sc="13" el="285" ec="28" bec="0" bev="0" fileid="1" />
                <SequencePoint vc="1" uspid="151" ordinal="9" offset="31" sl="288" sc="13" el="288" ec="80" bec="0" bev="0" fileid="1" />
                <SequencePoint vc="1" uspid="152" ordinal="10" offset="42" sl="290" sc="13" el="290" ec="78" bec="0" bev="0" fileid="1" />
                <SequencePoint vc="1" uspid="153" ordinal="11" offset="57" sl="292" sc="13" el="292" ec="47" bec="0" bev="0" fileid="1" />
                <SequencePoint vc="1" uspid="154" ordinal="12" offset="67" sl="293" sc="9" el="293" ec="10" bec="0" bev="0" fileid="1" />
              </SequencePoints>
              <BranchPoints />
              <MethodPoint xsi:type="SequencePoint" vc="1" uspid="142" ordinal="0" offset="0" sl="275" sc="9" el="275" ec="10" bec="0" bev="0" fileid="1" />
            </Method>
            <Method visited="true" cyclomaticComplexity="1" nPathComplexity="0" sequenceCoverage="100" branchCoverage="100" crapScore="1" isConstructor="false" isStatic="false" isGetter="false" isSetter="false">
              <Summary numSequencePoints="7" visitedSequencePoints="7" numBranchPoints="1" visitedBranchPoints="1" sequenceCoverage="100" branchCoverage="100" maxCyclomaticComplexity="1" minCyclomaticComplexity="1" maxCrapScore="1" minCrapScore="1" visitedClasses="0" numClasses="0" visitedMethods="1" numMethods="1" />
              <MetadataToken>100663313</MetadataToken>
              <Name>System.Void Laba10Tests.UnitTest1::TestMethod17()</Name>
              <FileRef uid="1" />
              <SequencePoints>
                <SequencePoint vc="1" uspid="155" ordinal="0" offset="0" sl="298" sc="9" el="298" ec="10" bec="0" bev="0" fileid="1" />
                <SequencePoint vc="1" uspid="156" ordinal="1" offset="1" sl="299" sc="13" el="299" ec="46" bec="0" bev="0" fileid="1" />
                <SequencePoint vc="1" uspid="157" ordinal="2" offset="7" sl="300" sc="13" el="300" ec="35" bec="0" bev="0" fileid="1" />
                <SequencePoint vc="1" uspid="158" ordinal="3" offset="14" sl="302" sc="13" el="302" ec="44" bec="0" bev="0" fileid="1" />
                <SequencePoint vc="1" uspid="159" ordinal="4" offset="20" sl="303" sc="13" el="303" ec="33" bec="0" bev="0" fileid="1" />
                <SequencePoint vc="1" uspid="160" ordinal="5" offset="27" sl="305" sc="13" el="305" ec="50" bec="0" bev="0" fileid="1" />
                <SequencePoint vc="1" uspid="161" ordinal="6" offset="35" sl="306" sc="9" el="306" ec="10" bec="0" bev="0" fileid="1" />
              </SequencePoints>
              <BranchPoints />
              <MethodPoint xsi:type="SequencePoint" vc="1" uspid="155" ordinal="0" offset="0" sl="298" sc="9" el="298" ec="10" bec="0" bev="0" fileid="1" />
            </Method>
            <Method visited="true" cyclomaticComplexity="1" nPathComplexity="0" sequenceCoverage="100" branchCoverage="100" crapScore="1" isConstructor="false" isStatic="false" isGetter="false" isSetter="false">
              <Summary numSequencePoints="7" visitedSequencePoints="7" numBranchPoints="1" visitedBranchPoints="1" sequenceCoverage="100" branchCoverage="100" maxCyclomaticComplexity="1" minCyclomaticComplexity="1" maxCrapScore="1" minCrapScore="1" visitedClasses="0" numClasses="0" visitedMethods="1" numMethods="1" />
              <MetadataToken>100663314</MetadataToken>
              <Name>System.Void Laba10Tests.UnitTest1::TestMethod18()</Name>
              <FileRef uid="1" />
              <SequencePoints>
                <SequencePoint vc="1" uspid="162" ordinal="0" offset="0" sl="311" sc="9" el="311" ec="10" bec="0" bev="0" fileid="1" />
                <SequencePoint vc="1" uspid="163" ordinal="1" offset="1" sl="312" sc="13" el="312" ec="40" bec="0" bev="0" fileid="1" />
                <SequencePoint vc="1" uspid="164" ordinal="2" offset="7" sl="313" sc="13" el="313" ec="35" bec="0" bev="0" fileid="1" />
                <SequencePoint vc="1" uspid="165" ordinal="3" offset="14" sl="315" sc="13" el="315" ec="38" bec="0" bev="0" fileid="1" />
                <SequencePoint vc="1" uspid="166" ordinal="4" offset="20" sl="316" sc="13" el="316" ec="33" bec="0" bev="0" fileid="1" />
                <SequencePoint vc="1" uspid="167" ordinal="5" offset="27" sl="318" sc="13" el="318" ec="50" bec="0" bev="0" fileid="1" />
                <SequencePoint vc="1" uspid="168" ordinal="6" offset="35" sl="319" sc="9" el="319" ec="10" bec="0" bev="0" fileid="1" />
              </SequencePoints>
              <BranchPoints />
              <MethodPoint xsi:type="SequencePoint" vc="1" uspid="162" ordinal="0" offset="0" sl="311" sc="9" el="311" ec="10" bec="0" bev="0" fileid="1" />
            </Method>
            <Method visited="false" cyclomaticComplexity="1" nPathComplexity="0" sequenceCoverage="0" branchCoverage="0" crapScore="2" isConstructor="true" isStatic="false" isGetter="false" isSetter="false">
              <Summary numSequencePoints="0" visitedSequencePoints="0" numBranchPoints="0" visitedBranchPoints="0" sequenceCoverage="0" branchCoverage="0" maxCyclomaticComplexity="1" minCyclomaticComplexity="1" maxCrapScore="2" minCrapScore="2" visitedClasses="0" numClasses="0" visitedMethods="0" numMethods="0" />
              <MetadataToken>100663315</MetadataToken>
              <Name>System.Void Laba10Tests.UnitTest1::.ctor()</Name>
              <SequencePoints />
              <BranchPoints />
              <MethodPoint vc="0" uspid="169" ordinal="0" offset="0" />
            </Method>
          </Methods>
        </Class>
      </Classes>
    </Module>
    <Module hash="17-A0-5B-91-43-6D-CA-1F-E1-6D-0C-8C-29-2F-64-0B-B0-B6-C8-0C">
      <Summary numSequencePoints="77" visitedSequencePoints="77" numBranchPoints="20" visitedBranchPoints="20" sequenceCoverage="100" branchCoverage="100" maxCyclomaticComplexity="1" minCyclomaticComplexity="1" maxCrapScore="2" minCrapScore="1" visitedClasses="4" numClasses="4" visitedMethods="20" numMethods="20" />
      <ModulePath>C:\Users\artemmezencev\source\repos\laborig\UnitTestLab10\bin\Debug\fine-code-coverage\build-output\laborig.exe</ModulePath>
      <ModuleTime>2023-03-06T17:18:27.2976895Z</ModuleTime>
      <ModuleName>laborig</ModuleName>
      <Files>
        <File uid="4" fullPath="C:\Users\artemmezencev\source\repos\laborig\laborig\Avto.cs" />
        <File uid="5" fullPath="C:\Users\artemmezencev\source\repos\laborig\laborig\Express.cs" />
        <File uid="8" fullPath="C:\Users\artemmezencev\source\repos\laborig\laborig\Train.cs" />
        <File uid="9" fullPath="C:\Users\artemmezencev\source\repos\laborig\laborig\Transport.cs" />
      </Files>
      <Classes>
        <Class>
          <Summary numSequencePoints="0" visitedSequencePoints="0" numBranchPoints="0" visitedBranchPoints="0" sequenceCoverage="0" branchCoverage="0" maxCyclomaticComplexity="1" minCyclomaticComplexity="1" maxCrapScore="2" minCrapScore="2" visitedClasses="0" numClasses="0" visitedMethods="0" numMethods="0" />
          <FullName>Main_File_Laba10.Program</FullName>
          <Methods>
            <Method visited="false" cyclomaticComplexity="1" nPathComplexity="0" sequenceCoverage="0" branchCoverage="0" crapScore="2" isConstructor="true" isStatic="false" isGetter="false" isSetter="false">
              <Summary numSequencePoints="0" visitedSequencePoints="0" numBranchPoints="0" visitedBranchPoints="0" sequenceCoverage="0" branchCoverage="0" maxCyclomaticComplexity="1" minCyclomaticComplexity="1" maxCrapScore="2" minCrapScore="2" visitedClasses="0" numClasses="0" visitedMethods="0" numMethods="0" />
              <MetadataToken>100663298</MetadataToken>
              <Name>System.Void Main_File_Laba10.Program::.ctor()</Name>
              <SequencePoints />
              <BranchPoints />
              <MethodPoint vc="0" uspid="170" ordinal="0" offset="0" />
            </Method>
          </Methods>
        </Class>
        <Class>
          <Summary numSequencePoints="20" visitedSequencePoints="20" numBranchPoints="4" visitedBranchPoints="4" sequenceCoverage="100" branchCoverage="100" maxCyclomaticComplexity="1" minCyclomaticComplexity="1" maxCrapScore="1" minCrapScore="1" visitedClasses="1" numClasses="1" visitedMethods="4" numMethods="4" />
          <FullName>ClassLibraryLab10.Avto</FullName>
          <Methods>
            <Method visited="true" cyclomaticComplexity="1" nPathComplexity="0" sequenceCoverage="100" branchCoverage="100" crapScore="1" isConstructor="true" isStatic="false" isGetter="false" isSetter="false">
              <Summary numSequencePoints="7" visitedSequencePoints="7" numBranchPoints="1" visitedBranchPoints="1" sequenceCoverage="100" branchCoverage="100" maxCyclomaticComplexity="1" minCyclomaticComplexity="1" maxCrapScore="1" minCrapScore="1" visitedClasses="0" numClasses="0" visitedMethods="1" numMethods="1" />
              <MetadataToken>100663309</MetadataToken>
              <Name>System.Void ClassLibraryLab10.Avto::.ctor(System.Int32,System.Int32,System.Double,System.Int32)</Name>
              <FileRef uid="4" />
              <SequencePoints>
                <SequencePoint vc="4" uspid="171" ordinal="0" offset="0" sl="85" sc="74" el="85" ec="93" bec="0" bev="0" fileid="4" />
                <SequencePoint vc="4" uspid="172" ordinal="1" offset="9" sl="86" sc="9" el="86" ec="10" bec="0" bev="0" fileid="4" />
                <SequencePoint vc="4" uspid="173" ordinal="2" offset="10" sl="87" sc="13" el="87" ec="14" bec="0" bev="0" fileid="4" />
                <SequencePoint vc="4" uspid="174" ordinal="3" offset="11" sl="88" sc="17" el="88" ec="27" bec="0" bev="0" fileid="4" />
                <SequencePoint vc="4" uspid="175" ordinal="4" offset="19" sl="89" sc="17" el="89" ec="41" bec="0" bev="0" fileid="4" />
                <SequencePoint vc="4" uspid="176" ordinal="5" offset="28" sl="90" sc="13" el="90" ec="14" bec="0" bev="0" fileid="4" />
                <SequencePoint vc="4" uspid="177" ordinal="6" offset="29" sl="91" sc="9" el="91" ec="10" bec="0" bev="0" fileid="4" />
              </SequencePoints>
              <BranchPoints />
              <MethodPoint xsi:type="SequencePoint" vc="4" uspid="171" ordinal="0" offset="0" sl="85" sc="74" el="85" ec="93" bec="0" bev="0" fileid="4" />
            </Method>
            <Method visited="true" cyclomaticComplexity="1" nPathComplexity="0" sequenceCoverage="100" branchCoverage="100" crapScore="1" isConstructor="true" isStatic="false" isGetter="false" isSetter="false">
              <Summary numSequencePoints="3" visitedSequencePoints="3" numBranchPoints="1" visitedBranchPoints="1" sequenceCoverage="100" branchCoverage="100" maxCyclomaticComplexity="1" minCyclomaticComplexity="1" maxCrapScore="1" minCrapScore="1" visitedClasses="0" numClasses="0" visitedMethods="1" numMethods="1" />
              <MetadataToken>100663310</MetadataToken>
              <Name>System.Void ClassLibraryLab10.Avto::.ctor()</Name>
              <FileRef uid="4" />
              <SequencePoints>
                <SequencePoint vc="4" uspid="178" ordinal="0" offset="0" sl="93" sc="25" el="93" ec="31" bec="0" bev="0" fileid="4" />
                <SequencePoint vc="4" uspid="179" ordinal="1" offset="7" sl="94" sc="9" el="94" ec="10" bec="0" bev="0" fileid="4" />
                <SequencePoint vc="4" uspid="180" ordinal="2" offset="8" sl="96" sc="9" el="96" ec="10" bec="0" bev="0" fileid="4" />
              </SequencePoints>
              <BranchPoints />
              <MethodPoint xsi:type="SequencePoint" vc="4" uspid="178" ordinal="0" offset="0" sl="93" sc="25" el="93" ec="31" bec="0" bev="0" fileid="4" />
            </Method>
            <Method visited="true" cyclomaticComplexity="1" nPathComplexity="0" sequenceCoverage="100" branchCoverage="100" crapScore="1" isConstructor="false" isStatic="false" isGetter="false" isSetter="false">
              <Summary numSequencePoints="5" visitedSequencePoints="5" numBranchPoints="1" visitedBranchPoints="1" sequenceCoverage="100" branchCoverage="100" maxCyclomaticComplexity="1" minCyclomaticComplexity="1" maxCrapScore="1" minCrapScore="1" visitedClasses="0" numClasses="0" visitedMethods="1" numMethods="1" />
              <MetadataToken>100663312</MetadataToken>
              <Name>System.Void ClassLibraryLab10.Avto::RandomInit()</Name>
              <FileRef uid="4" />
              <SequencePoints>
                <SequencePoint vc="2" uspid="181" ordinal="0" offset="0" sl="117" sc="9" el="117" ec="10" bec="0" bev="0" fileid="4" />
                <SequencePoint vc="2" uspid="182" ordinal="1" offset="1" sl="118" sc="13" el="118" ec="31" bec="0" bev="0" fileid="4" />
                <SequencePoint vc="2" uspid="183" ordinal="2" offset="8" sl="119" sc="13" el="119" ec="41" bec="0" bev="0" fileid="4" />
                <SequencePoint vc="2" uspid="184" ordinal="3" offset="35" sl="120" sc="13" el="120" ec="43" bec="0" bev="0" fileid="4" />
                <SequencePoint vc="2" uspid="185" ordinal="4" offset="59" sl="121" sc="9" el="121" ec="10" bec="0" bev="0" fileid="4" />
              </SequencePoints>
              <BranchPoints />
              <MethodPoint xsi:type="SequencePoint" vc="2" uspid="181" ordinal="0" offset="0" sl="117" sc="9" el="117" ec="10" bec="0" bev="0" fileid="4" />
            </Method>
            <Method visited="true" cyclomaticComplexity="1" nPathComplexity="0" sequenceCoverage="100" branchCoverage="100" crapScore="1" isConstructor="false" isStatic="false" isGetter="false" isSetter="false">
              <Summary numSequencePoints="5" visitedSequencePoints="5" numBranchPoints="1" visitedBranchPoints="1" sequenceCoverage="100" branchCoverage="100" maxCyclomaticComplexity="1" minCyclomaticComplexity="1" maxCrapScore="1" minCrapScore="1" visitedClasses="0" numClasses="0" visitedMethods="1" numMethods="1" />
              <MetadataToken>100663314</MetadataToken>
              <Name>System.Void ClassLibraryLab10.Avto::Show()</Name>
              <FileRef uid="4" />
              <SequencePoints>
                <SequencePoint vc="2" uspid="186" ordinal="0" offset="0" sl="137" sc="9" el="137" ec="10" bec="0" bev="0" fileid="4" />
                <SequencePoint vc="2" uspid="187" ordinal="1" offset="1" sl="138" sc="13" el="138" ec="25" bec="0" bev="0" fileid="4" />
                <SequencePoint vc="2" uspid="188" ordinal="2" offset="8" sl="139" sc="13" el="139" ec="66" bec="0" bev="0" fileid="4" />
                <SequencePoint vc="2" uspid="189" ordinal="3" offset="35" sl="140" sc="13" el="140" ec="75" bec="0" bev="0" fileid="4" />
                <SequencePoint vc="2" uspid="190" ordinal="4" offset="62" sl="141" sc="9" el="141" ec="10" bec="0" bev="0" fileid="4" />
              </SequencePoints>
              <BranchPoints />
              <MethodPoint xsi:type="SequencePoint" vc="2" uspid="186" ordinal="0" offset="0" sl="137" sc="9" el="137" ec="10" bec="0" bev="0" fileid="4" />
            </Method>
          </Methods>
        </Class>
        <Class>
          <Summary numSequencePoints="17" visitedSequencePoints="17" numBranchPoints="4" visitedBranchPoints="4" sequenceCoverage="100" branchCoverage="100" maxCyclomaticComplexity="1" minCyclomaticComplexity="1" maxCrapScore="1" minCrapScore="1" visitedClasses="1" numClasses="1" visitedMethods="4" numMethods="4" />
          <FullName>ClassLibraryLab10.Express</FullName>
          <Methods>
            <Method visited="true" cyclomaticComplexity="1" nPathComplexity="0" sequenceCoverage="100" branchCoverage="100" crapScore="1" isConstructor="true" isStatic="false" isGetter="false" isSetter="false">
              <Summary numSequencePoints="6" visitedSequencePoints="6" numBranchPoints="1" visitedBranchPoints="1" sequenceCoverage="100" branchCoverage="100" maxCyclomaticComplexity="1" minCyclomaticComplexity="1" maxCrapScore="1" minCrapScore="1" visitedClasses="0" numClasses="0" visitedMethods="1" numMethods="1" />
              <MetadataToken>100663321</MetadataToken>
              <Name>System.Void ClassLibraryLab10.Express::.ctor(System.Int32,System.Int32,System.String,System.Int32)</Name>
              <FileRef uid="5" />
              <SequencePoints>
                <SequencePoint vc="4" uspid="191" ordinal="0" offset="0" sl="52" sc="77" el="52" ec="103" bec="0" bev="0" fileid="5" />
                <SequencePoint vc="4" uspid="192" ordinal="1" offset="10" sl="53" sc="9" el="53" ec="10" bec="0" bev="0" fileid="5" />
                <SequencePoint vc="4" uspid="193" ordinal="2" offset="11" sl="54" sc="13" el="54" ec="14" bec="0" bev="0" fileid="5" />
                <SequencePoint vc="4" uspid="194" ordinal="3" offset="12" sl="55" sc="17" el="55" ec="37" bec="0" bev="0" fileid="5" />
                <SequencePoint vc="4" uspid="195" ordinal="4" offset="21" sl="56" sc="13" el="56" ec="14" bec="0" bev="0" fileid="5" />
                <SequencePoint vc="4" uspid="196" ordinal="5" offset="22" sl="57" sc="9" el="57" ec="10" bec="0" bev="0" fileid="5" />
              </SequencePoints>
              <BranchPoints />
              <MethodPoint xsi:type="SequencePoint" vc="4" uspid="191" ordinal="0" offset="0" sl="52" sc="77" el="52" ec="103" bec="0" bev="0" fileid="5" />
            </Method>
            <Method visited="true" cyclomaticComplexity="1" nPathComplexity="0" sequenceCoverage="100" branchCoverage="100" crapScore="1" isConstructor="true" isStatic="false" isGetter="false" isSetter="false">
              <Summary numSequencePoints="3" visitedSequencePoints="3" numBranchPoints="1" visitedBranchPoints="1" sequenceCoverage="100" branchCoverage="100" maxCyclomaticComplexity="1" minCyclomaticComplexity="1" maxCrapScore="1" minCrapScore="1" visitedClasses="0" numClasses="0" visitedMethods="1" numMethods="1" />
              <MetadataToken>100663322</MetadataToken>
              <Name>System.Void ClassLibraryLab10.Express::.ctor()</Name>
              <FileRef uid="5" />
              <SequencePoints>
                <SequencePoint vc="4" uspid="197" ordinal="0" offset="0" sl="59" sc="26" el="59" ec="32" bec="0" bev="0" fileid="5" />
                <SequencePoint vc="4" uspid="198" ordinal="1" offset="7" sl="60" sc="9" el="60" ec="10" bec="0" bev="0" fileid="5" />
                <SequencePoint vc="4" uspid="199" ordinal="2" offset="8" sl="62" sc="9" el="62" ec="10" bec="0" bev="0" fileid="5" />
              </SequencePoints>
              <BranchPoints />
              <MethodPoint xsi:type="SequencePoint" vc="4" uspid="197" ordinal="0" offset="0" sl="59" sc="26" el="59" ec="32" bec="0" bev="0" fileid="5" />
            </Method>
            <Method visited="true" cyclomaticComplexity="1" nPathComplexity="0" sequenceCoverage="100" branchCoverage="100" crapScore="1" isConstructor="false" isStatic="false" isGetter="false" isSetter="false">
              <Summary numSequencePoints="4" visitedSequencePoints="4" numBranchPoints="1" visitedBranchPoints="1" sequenceCoverage="100" branchCoverage="100" maxCyclomaticComplexity="1" minCyclomaticComplexity="1" maxCrapScore="1" minCrapScore="1" visitedClasses="0" numClasses="0" visitedMethods="1" numMethods="1" />
              <MetadataToken>100663324</MetadataToken>
              <Name>System.Void ClassLibraryLab10.Express::RandomInit()</Name>
              <FileRef uid="5" />
              <SequencePoints>
                <SequencePoint vc="2" uspid="200" ordinal="0" offset="0" sl="80" sc="9" el="80" ec="10" bec="0" bev="0" fileid="5" />
                <SequencePoint vc="2" uspid="201" ordinal="1" offset="1" sl="81" sc="13" el="81" ec="31" bec="0" bev="0" fileid="5" />
                <SequencePoint vc="2" uspid="202" ordinal="2" offset="8" sl="82" sc="13" el="82" ec="41" bec="0" bev="0" fileid="5" />
                <SequencePoint vc="2" uspid="203" ordinal="3" offset="31" sl="83" sc="9" el="83" ec="10" bec="0" bev="0" fileid="5" />
              </SequencePoints>
              <BranchPoints />
              <MethodPoint xsi:type="SequencePoint" vc="2" uspid="200" ordinal="0" offset="0" sl="80" sc="9" el="80" ec="10" bec="0" bev="0" fileid="5" />
            </Method>
            <Method visited="true" cyclomaticComplexity="1" nPathComplexity="0" sequenceCoverage="100" branchCoverage="100" crapScore="1" isConstructor="false" isStatic="false" isGetter="false" isSetter="false">
              <Summary numSequencePoints="4" visitedSequencePoints="4" numBranchPoints="1" visitedBranchPoints="1" sequenceCoverage="100" branchCoverage="100" maxCyclomaticComplexity="1" minCyclomaticComplexity="1" maxCrapScore="1" minCrapScore="1" visitedClasses="0" numClasses="0" visitedMethods="1" numMethods="1" />
              <MetadataToken>100663326</MetadataToken>
              <Name>System.Void ClassLibraryLab10.Express::Show()</Name>
              <FileRef uid="5" />
              <SequencePoints>
                <SequencePoint vc="2" uspid="204" ordinal="0" offset="0" sl="99" sc="9" el="99" ec="10" bec="0" bev="0" fileid="5" />
                <SequencePoint vc="2" uspid="205" ordinal="1" offset="1" sl="100" sc="13" el="100" ec="25" bec="0" bev="0" fileid="5" />
                <SequencePoint vc="2" uspid="206" ordinal="2" offset="8" sl="100" sc="26" el="100" ec="78" bec="0" bev="0" fileid="5" />
                <SequencePoint vc="2" uspid="207" ordinal="3" offset="35" sl="101" sc="9" el="101" ec="10" bec="0" bev="0" fileid="5" />
              </SequencePoints>
              <BranchPoints />
              <MethodPoint xsi:type="SequencePoint" vc="2" uspid="204" ordinal="0" offset="0" sl="99" sc="9" el="99" ec="10" bec="0" bev="0" fileid="5" />
            </Method>
          </Methods>
        </Class>
        <Class>
          <Summary numSequencePoints="0" visitedSequencePoints="0" numBranchPoints="0" visitedBranchPoints="0" sequenceCoverage="0" branchCoverage="0" maxCyclomaticComplexity="1" minCyclomaticComplexity="1" maxCrapScore="2" minCrapScore="2" visitedClasses="0" numClasses="0" visitedMethods="0" numMethods="0" />
          <FullName>ClassLibraryLab10.Input</FullName>
          <Methods>
            <Method visited="false" cyclomaticComplexity="1" nPathComplexity="0" sequenceCoverage="0" branchCoverage="0" crapScore="2" isConstructor="true" isStatic="false" isGetter="false" isSetter="false">
              <Summary numSequencePoints="0" visitedSequencePoints="0" numBranchPoints="0" visitedBranchPoints="0" sequenceCoverage="0" branchCoverage="0" maxCyclomaticComplexity="1" minCyclomaticComplexity="1" maxCrapScore="2" minCrapScore="2" visitedClasses="0" numClasses="0" visitedMethods="0" numMethods="0" />
              <MetadataToken>100663331</MetadataToken>
              <Name>System.Void ClassLibraryLab10.Input::.ctor()</Name>
              <SequencePoints />
              <BranchPoints />
              <MethodPoint vc="0" uspid="208" ordinal="0" offset="0" />
            </Method>
          </Methods>
        </Class>
        <Class>
          <Summary numSequencePoints="0" visitedSequencePoints="0" numBranchPoints="0" visitedBranchPoints="0" sequenceCoverage="0" branchCoverage="0" maxCyclomaticComplexity="1" minCyclomaticComplexity="1" maxCrapScore="2" minCrapScore="2" visitedClasses="0" numClasses="0" visitedMethods="0" numMethods="0" />
          <FullName>ClassLibraryLab10.SortByWheels</FullName>
          <Methods>
            <Method visited="false" cyclomaticComplexity="1" nPathComplexity="0" sequenceCoverage="0" branchCoverage="0" crapScore="2" isConstructor="true" isStatic="false" isGetter="false" isSetter="false">
              <Summary numSequencePoints="0" visitedSequencePoints="0" numBranchPoints="0" visitedBranchPoints="0" sequenceCoverage="0" branchCoverage="0" maxCyclomaticComplexity="1" minCyclomaticComplexity="1" maxCrapScore="2" minCrapScore="2" visitedClasses="0" numClasses="0" visitedMethods="0" numMethods="0" />
              <MetadataToken>100663333</MetadataToken>
              <Name>System.Void ClassLibraryLab10.SortByWheels::.ctor()</Name>
              <SequencePoints />
              <BranchPoints />
              <MethodPoint vc="0" uspid="209" ordinal="0" offset="0" />
            </Method>
          </Methods>
        </Class>
        <Class>
          <Summary numSequencePoints="18" visitedSequencePoints="18" numBranchPoints="5" visitedBranchPoints="5" sequenceCoverage="100" branchCoverage="100" maxCyclomaticComplexity="1" minCyclomaticComplexity="1" maxCrapScore="1" minCrapScore="1" visitedClasses="1" numClasses="1" visitedMethods="5" numMethods="5" />
          <FullName>ClassLibraryLab10.Train</FullName>
          <Methods>
            <Method visited="true" cyclomaticComplexity="1" nPathComplexity="0" sequenceCoverage="100" branchCoverage="100" crapScore="1" isConstructor="true" isStatic="false" isGetter="false" isSetter="false">
              <Summary numSequencePoints="6" visitedSequencePoints="6" numBranchPoints="1" visitedBranchPoints="1" sequenceCoverage="100" branchCoverage="100" maxCyclomaticComplexity="1" minCyclomaticComplexity="1" maxCrapScore="1" minCrapScore="1" visitedClasses="0" numClasses="0" visitedMethods="1" numMethods="1" />
              <MetadataToken>100663337</MetadataToken>
              <Name>System.Void ClassLibraryLab10.Train::.ctor(System.Int32,System.Int32,System.String)</Name>
              <FileRef uid="8" />
              <SequencePoints>
                <SequencePoint vc="8" uspid="210" ordinal="0" offset="0" sl="49" sc="60" el="49" ec="79" bec="0" bev="0" fileid="8" />
                <SequencePoint vc="8" uspid="211" ordinal="1" offset="9" sl="50" sc="9" el="50" ec="10" bec="0" bev="0" fileid="8" />
                <SequencePoint vc="8" uspid="212" ordinal="2" offset="10" sl="51" sc="13" el="51" ec="14" bec="0" bev="0" fileid="8" />
                <SequencePoint vc="8" uspid="213" ordinal="3" offset="11" sl="52" sc="17" el="52" ec="31" bec="0" bev="0" fileid="8" />
                <SequencePoint vc="8" uspid="214" ordinal="4" offset="19" sl="53" sc="13" el="53" ec="14" bec="0" bev="0" fileid="8" />
                <SequencePoint vc="8" uspid="215" ordinal="5" offset="20" sl="54" sc="9" el="54" ec="10" bec="0" bev="0" fileid="8" />
              </SequencePoints>
              <BranchPoints />
              <MethodPoint xsi:type="SequencePoint" vc="8" uspid="210" ordinal="0" offset="0" sl="49" sc="60" el="49" ec="79" bec="0" bev="0" fileid="8" />
            </Method>
            <Method visited="true" cyclomaticComplexity="1" nPathComplexity="0" sequenceCoverage="100" branchCoverage="100" crapScore="1" isConstructor="true" isStatic="false" isGetter="false" isSetter="false">
              <Summary numSequencePoints="3" visitedSequencePoints="3" numBranchPoints="1" visitedBranchPoints="1" sequenceCoverage="100" branchCoverage="100" maxCyclomaticComplexity="1" minCyclomaticComplexity="1" maxCrapScore="1" minCrapScore="1" visitedClasses="0" numClasses="0" visitedMethods="1" numMethods="1" />
              <MetadataToken>100663338</MetadataToken>
              <Name>System.Void ClassLibraryLab10.Train::.ctor()</Name>
              <FileRef uid="8" />
              <SequencePoints>
                <SequencePoint vc="6" uspid="216" ordinal="0" offset="0" sl="55" sc="26" el="55" ec="32" bec="0" bev="0" fileid="8" />
                <SequencePoint vc="6" uspid="217" ordinal="1" offset="7" sl="56" sc="9" el="56" ec="10" bec="0" bev="0" fileid="8" />
                <SequencePoint vc="6" uspid="218" ordinal="2" offset="8" sl="58" sc="9" el="58" ec="10" bec="0" bev="0" fileid="8" />
              </SequencePoints>
              <BranchPoints />
              <MethodPoint xsi:type="SequencePoint" vc="6" uspid="216" ordinal="0" offset="0" sl="55" sc="26" el="55" ec="32" bec="0" bev="0" fileid="8" />
            </Method>
            <Method visited="true" cyclomaticComplexity="1" nPathComplexity="0" sequenceCoverage="100" branchCoverage="100" crapScore="1" isConstructor="false" isStatic="false" isGetter="false" isSetter="false">
              <Summary numSequencePoints="4" visitedSequencePoints="4" numBranchPoints="1" visitedBranchPoints="1" sequenceCoverage="100" branchCoverage="100" maxCyclomaticComplexity="1" minCyclomaticComplexity="1" maxCrapScore="1" minCrapScore="1" visitedClasses="0" numClasses="0" visitedMethods="1" numMethods="1" />
              <MetadataToken>100663339</MetadataToken>
              <Name>System.Void ClassLibraryLab10.Train::RandomInit()</Name>
              <FileRef uid="8" />
              <SequencePoints>
                <SequencePoint vc="2" uspid="219" ordinal="0" offset="0" sl="63" sc="9" el="63" ec="10" bec="0" bev="0" fileid="8" />
                <SequencePoint vc="2" uspid="220" ordinal="1" offset="1" sl="64" sc="13" el="64" ec="31" bec="0" bev="0" fileid="8" />
                <SequencePoint vc="2" uspid="221" ordinal="2" offset="8" sl="65" sc="13" el="65" ec="46" bec="0" bev="0" fileid="8" />
                <SequencePoint vc="2" uspid="222" ordinal="3" offset="33" sl="67" sc="9" el="67" ec="10" bec="0" bev="0" fileid="8" />
              </SequencePoints>
              <BranchPoints />
              <MethodPoint xsi:type="SequencePoint" vc="2" uspid="219" ordinal="0" offset="0" sl="63" sc="9" el="63" ec="10" bec="0" bev="0" fileid="8" />
            </Method>
            <Method visited="true" cyclomaticComplexity="1" nPathComplexity="0" sequenceCoverage="100" branchCoverage="100" crapScore="1" isConstructor="false" isStatic="false" isGetter="false" isSetter="false">
              <Summary numSequencePoints="4" visitedSequencePoints="4" numBranchPoints="1" visitedBranchPoints="1" sequenceCoverage="100" branchCoverage="100" maxCyclomaticComplexity="1" minCyclomaticComplexity="1" maxCrapScore="1" minCrapScore="1" visitedClasses="0" numClasses="0" visitedMethods="1" numMethods="1" />
              <MetadataToken>100663341</MetadataToken>
              <Name>System.Void ClassLibraryLab10.Train::Show()</Name>
              <FileRef uid="8" />
              <SequencePoints>
                <SequencePoint vc="4" uspid="223" ordinal="0" offset="0" sl="83" sc="9" el="83" ec="10" bec="0" bev="0" fileid="8" />
                <SequencePoint vc="4" uspid="224" ordinal="1" offset="1" sl="84" sc="13" el="84" ec="25" bec="0" bev="0" fileid="8" />
                <SequencePoint vc="4" uspid="225" ordinal="2" offset="8" sl="84" sc="26" el="84" ec="85" bec="0" bev="0" fileid="8" />
                <SequencePoint vc="4" uspid="226" ordinal="3" offset="30" sl="85" sc="9" el="85" ec="10" bec="0" bev="0" fileid="8" />
              </SequencePoints>
              <BranchPoints />
              <MethodPoint xsi:type="SequencePoint" vc="4" uspid="223" ordinal="0" offset="0" sl="83" sc="9" el="83" ec="10" bec="0" bev="0" fileid="8" />
            </Method>
            <Method visited="true" cyclomaticComplexity="1" nPathComplexity="0" sequenceCoverage="100" branchCoverage="100" crapScore="1" isConstructor="true" isStatic="true" isGetter="false" isSetter="false">
              <Summary numSequencePoints="1" visitedSequencePoints="1" numBranchPoints="1" visitedBranchPoints="1" sequenceCoverage="100" branchCoverage="100" maxCyclomaticComplexity="1" minCyclomaticComplexity="1" maxCrapScore="1" minCrapScore="1" visitedClasses="0" numClasses="0" visitedMethods="1" numMethods="1" />
              <MetadataToken>100663344</MetadataToken>
              <Name>System.Void ClassLibraryLab10.Train::.cctor()</Name>
              <FileRef uid="8" />
              <SequencePoints>
                <SequencePoint vc="1" uspid="227" ordinal="0" offset="0" sl="14" sc="9" el="14" ec="107" bec="0" bev="0" fileid="8" />
              </SequencePoints>
              <BranchPoints />
              <MethodPoint xsi:type="SequencePoint" vc="1" uspid="227" ordinal="0" offset="0" sl="14" sc="9" el="14" ec="107" bec="0" bev="0" fileid="8" />
            </Method>
          </Methods>
        </Class>
        <Class>
          <Summary numSequencePoints="22" visitedSequencePoints="22" numBranchPoints="7" visitedBranchPoints="7" sequenceCoverage="100" branchCoverage="100" maxCyclomaticComplexity="1" minCyclomaticComplexity="1" maxCrapScore="1" minCrapScore="1" visitedClasses="1" numClasses="1" visitedMethods="7" numMethods="7" />
          <FullName>ClassLibraryLab10.Transport</FullName>
          <Methods>
            <Method visited="true" cyclomaticComplexity="1" nPathComplexity="0" sequenceCoverage="100" branchCoverage="100" crapScore="1" isConstructor="true" isStatic="false" isGetter="false" isSetter="false">
              <Summary numSequencePoints="5" visitedSequencePoints="5" numBranchPoints="1" visitedBranchPoints="1" sequenceCoverage="100" branchCoverage="100" maxCyclomaticComplexity="1" minCyclomaticComplexity="1" maxCrapScore="1" minCrapScore="1" visitedClasses="0" numClasses="0" visitedMethods="1" numMethods="1" />
              <MetadataToken>100663349</MetadataToken>
              <Name>System.Void ClassLibraryLab10.Transport::.ctor(System.Int32,System.Int32)</Name>
              <FileRef uid="9" />
              <SequencePoints>
                <SequencePoint vc="18" uspid="228" ordinal="0" offset="0" sl="57" sc="9" el="57" ec="48" bec="0" bev="0" fileid="9" />
                <SequencePoint vc="18" uspid="229" ordinal="1" offset="7" sl="58" sc="9" el="58" ec="10" bec="0" bev="0" fileid="9" />
                <SequencePoint vc="18" uspid="230" ordinal="2" offset="8" sl="59" sc="13" el="59" ec="29" bec="0" bev="0" fileid="9" />
                <SequencePoint vc="18" uspid="231" ordinal="3" offset="16" sl="60" sc="13" el="60" ec="27" bec="0" bev="0" fileid="9" />
                <SequencePoint vc="18" uspid="232" ordinal="4" offset="24" sl="61" sc="9" el="61" ec="10" bec="0" bev="0" fileid="9" />
              </SequencePoints>
              <BranchPoints />
              <MethodPoint xsi:type="SequencePoint" vc="18" uspid="228" ordinal="0" offset="0" sl="57" sc="9" el="57" ec="48" bec="0" bev="0" fileid="9" />
            </Method>
            <Method visited="true" cyclomaticComplexity="1" nPathComplexity="0" sequenceCoverage="100" branchCoverage="100" crapScore="1" isConstructor="true" isStatic="false" isGetter="false" isSetter="false">
              <Summary numSequencePoints="3" visitedSequencePoints="3" numBranchPoints="1" visitedBranchPoints="1" sequenceCoverage="100" branchCoverage="100" maxCyclomaticComplexity="1" minCyclomaticComplexity="1" maxCrapScore="1" minCrapScore="1" visitedClasses="0" numClasses="0" visitedMethods="1" numMethods="1" />
              <MetadataToken>100663350</MetadataToken>
              <Name>System.Void ClassLibraryLab10.Transport::.ctor()</Name>
              <FileRef uid="9" />
              <SequencePoints>
                <SequencePoint vc="18" uspid="233" ordinal="0" offset="0" sl="63" sc="9" el="63" ec="27" bec="0" bev="0" fileid="9" />
                <SequencePoint vc="18" uspid="234" ordinal="1" offset="7" sl="64" sc="9" el="64" ec="10" bec="0" bev="0" fileid="9" />
                <SequencePoint vc="18" uspid="235" ordinal="2" offset="8" sl="66" sc="9" el="66" ec="10" bec="0" bev="0" fileid="9" />
              </SequencePoints>
              <BranchPoints />
              <MethodPoint xsi:type="SequencePoint" vc="18" uspid="233" ordinal="0" offset="0" sl="63" sc="9" el="63" ec="27" bec="0" bev="0" fileid="9" />
            </Method>
            <Method visited="true" cyclomaticComplexity="1" nPathComplexity="0" sequenceCoverage="100" branchCoverage="100" crapScore="1" isConstructor="false" isStatic="false" isGetter="false" isSetter="false">
              <Summary numSequencePoints="3" visitedSequencePoints="3" numBranchPoints="1" visitedBranchPoints="1" sequenceCoverage="100" branchCoverage="100" maxCyclomaticComplexity="1" minCyclomaticComplexity="1" maxCrapScore="1" minCrapScore="1" visitedClasses="0" numClasses="0" visitedMethods="1" numMethods="1" />
              <MetadataToken>100663351</MetadataToken>
              <Name>System.Void ClassLibraryLab10.Transport::Show2()</Name>
              <FileRef uid="9" />
              <SequencePoints>
                <SequencePoint vc="2" uspid="236" ordinal="0" offset="0" sl="69" sc="9" el="69" ec="10" bec="0" bev="0" fileid="9" />
                <SequencePoint vc="2" uspid="237" ordinal="1" offset="1" sl="70" sc="13" el="70" ec="36" bec="0" bev="0" fileid="9" />
                <SequencePoint vc="2" uspid="238" ordinal="2" offset="12" sl="71" sc="9" el="71" ec="10" bec="0" bev="0" fileid="9" />
              </SequencePoints>
              <BranchPoints />
              <MethodPoint xsi:type="SequencePoint" vc="2" uspid="236" ordinal="0" offset="0" sl="69" sc="9" el="69" ec="10" bec="0" bev="0" fileid="9" />
            </Method>
            <Method visited="true" cyclomaticComplexity="1" nPathComplexity="0" sequenceCoverage="100" branchCoverage="100" crapScore="1" isConstructor="false" isStatic="false" isGetter="false" isSetter="false">
              <Summary numSequencePoints="4" visitedSequencePoints="4" numBranchPoints="1" visitedBranchPoints="1" sequenceCoverage="100" branchCoverage="100" maxCyclomaticComplexity="1" minCyclomaticComplexity="1" maxCrapScore="1" minCrapScore="1" visitedClasses="0" numClasses="0" visitedMethods="1" numMethods="1" />
              <MetadataToken>100663352</MetadataToken>
              <Name>System.Void ClassLibraryLab10.Transport::RandomInit()</Name>
              <FileRef uid="9" />
              <SequencePoints>
                <SequencePoint vc="8" uspid="239" ordinal="0" offset="0" sl="74" sc="9" el="74" ec="10" bec="0" bev="0" fileid="9" />
                <SequencePoint vc="8" uspid="240" ordinal="1" offset="1" sl="75" sc="13" el="75" ec="38" bec="0" bev="0" fileid="9" />
                <SequencePoint vc="8" uspid="241" ordinal="2" offset="21" sl="76" sc="13" el="76" ec="37" bec="0" bev="0" fileid="9" />
                <SequencePoint vc="8" uspid="242" ordinal="3" offset="41" sl="77" sc="9" el="77" ec="10" bec="0" bev="0" fileid="9" />
              </SequencePoints>
              <BranchPoints />
              <MethodPoint xsi:type="SequencePoint" vc="8" uspid="239" ordinal="0" offset="0" sl="74" sc="9" el="74" ec="10" bec="0" bev="0" fileid="9" />
            </Method>
            <Method visited="true" cyclomaticComplexity="1" nPathComplexity="0" sequenceCoverage="100" branchCoverage="100" crapScore="1" isConstructor="false" isStatic="false" isGetter="false" isSetter="false">
              <Summary numSequencePoints="3" visitedSequencePoints="3" numBranchPoints="1" visitedBranchPoints="1" sequenceCoverage="100" branchCoverage="100" maxCyclomaticComplexity="1" minCyclomaticComplexity="1" maxCrapScore="1" minCrapScore="1" visitedClasses="0" numClasses="0" visitedMethods="1" numMethods="1" />
              <MetadataToken>100663354</MetadataToken>
              <Name>System.Void ClassLibraryLab10.Transport::Show()</Name>
              <FileRef uid="9" />
              <SequencePoints>
                <SequencePoint vc="8" uspid="243" ordinal="0" offset="0" sl="93" sc="9" el="93" ec="10" bec="0" bev="0" fileid="9" />
                <SequencePoint vc="8" uspid="244" ordinal="1" offset="1" sl="94" sc="13" el="94" ec="48" bec="0" bev="0" fileid="9" />
                <SequencePoint vc="8" uspid="245" ordinal="2" offset="13" sl="95" sc="9" el="95" ec="10" bec="0" bev="0" fileid="9" />
              </SequencePoints>
              <BranchPoints />
              <MethodPoint xsi:type="SequencePoint" vc="8" uspid="243" ordinal="0" offset="0" sl="93" sc="9" el="93" ec="10" bec="0" bev="0" fileid="9" />
            </Method>
            <Method visited="true" cyclomaticComplexity="1" nPathComplexity="0" sequenceCoverage="100" branchCoverage="100" crapScore="1" isConstructor="false" isStatic="false" isGetter="false" isSetter="false">
              <Summary numSequencePoints="3" visitedSequencePoints="3" numBranchPoints="1" visitedBranchPoints="1" sequenceCoverage="100" branchCoverage="100" maxCyclomaticComplexity="1" minCyclomaticComplexity="1" maxCrapScore="1" minCrapScore="1" visitedClasses="0" numClasses="0" visitedMethods="1" numMethods="1" />
              <MetadataToken>100663357</MetadataToken>
              <Name>System.String ClassLibraryLab10.Transport::ToString()</Name>
              <FileRef uid="9" />
              <SequencePoints>
                <SequencePoint vc="10" uspid="246" ordinal="0" offset="0" sl="118" sc="9" el="118" ec="10" bec="0" bev="0" fileid="9" />
                <SequencePoint vc="10" uspid="247" ordinal="1" offset="1" sl="119" sc="13" el="119" ec="70" bec="0" bev="0" fileid="9" />
                <SequencePoint vc="10" uspid="248" ordinal="2" offset="36" sl="120" sc="9" el="120" ec="10" bec="0" bev="0" fileid="9" />
              </SequencePoints>
              <BranchPoints />
              <MethodPoint xsi:type="SequencePoint" vc="10" uspid="246" ordinal="0" offset="0" sl="118" sc="9" el="118" ec="10" bec="0" bev="0" fileid="9" />
            </Method>
            <Method visited="true" cyclomaticComplexity="1" nPathComplexity="0" sequenceCoverage="100" branchCoverage="100" crapScore="1" isConstructor="true" isStatic="true" isGetter="false" isSetter="false">
              <Summary numSequencePoints="1" visitedSequencePoints="1" numBranchPoints="1" visitedBranchPoints="1" sequenceCoverage="100" branchCoverage="100" maxCyclomaticComplexity="1" minCyclomaticComplexity="1" maxCrapScore="1" minCrapScore="1" visitedClasses="0" numClasses="0" visitedMethods="1" numMethods="1" />
              <MetadataToken>100663362</MetadataToken>
              <Name>System.Void ClassLibraryLab10.Transport::.cctor()</Name>
              <FileRef uid="9" />
              <SequencePoints>
                <SequencePoint vc="1" uspid="249" ordinal="0" offset="0" sl="19" sc="9" el="19" ec="49" bec="0" bev="0" fileid="9" />
              </SequencePoints>
              <BranchPoints />
              <MethodPoint xsi:type="SequencePoint" vc="1" uspid="249" ordinal="0" offset="0" sl="19" sc="9" el="19" ec="49" bec="0" bev="0" fileid="9" />
            </Method>
          </Methods>
        </Class>
      </Classes>
    </Module>
  </Modules>
</CoverageSession>